mode: set
github.com/davidcollom/zwift-ical/cmd/zwiftcal/main.go:16.13,17.30 1 0
github.com/davidcollom/zwift-ical/cmd/zwiftcal/main.go:17.30,19.3 1 0
github.com/davidcollom/zwift-ical/cmd/zwiftcal/main.go:23.18,26.48 2 0
github.com/davidcollom/zwift-ical/cmd/zwiftcal/main.go:26.48,28.3 1 0
github.com/davidcollom/zwift-ical/cmd/zwiftcal/main.go:29.2,29.50 1 0
github.com/davidcollom/zwift-ical/cmd/zwiftcal/main.go:29.50,31.3 1 0
github.com/davidcollom/zwift-ical/cmd/zwiftcal/main.go:33.2,35.16 3 0
github.com/davidcollom/zwift-ical/cmd/zwiftcal/main.go:35.16,37.3 1 0
github.com/davidcollom/zwift-ical/cmd/zwiftcal/main.go:38.2,42.50 3 0
github.com/davidcollom/zwift-ical/cmd/zwiftcal/main.go:42.50,44.3 1 0
github.com/davidcollom/zwift-ical/cmd/zwiftcal/main.go:46.2,46.52 1 0
github.com/davidcollom/zwift-ical/cmd/zwiftcal/main.go:46.52,48.3 1 0
github.com/davidcollom/zwift-ical/cmd/zwiftcal/main.go:50.2,51.75 2 0
github.com/davidcollom/zwift-ical/cmd/zwiftcal/main.go:51.75,53.3 1 0
github.com/davidcollom/zwift-ical/cmd/zwiftcal/main.go:55.2,57.70 3 0
github.com/davidcollom/zwift-ical/cmd/zwiftcal/main.go:57.70,59.3 1 0
github.com/davidcollom/zwift-ical/cmd/zwiftcal/main.go:61.2,62.12 2 0
github.com/davidcollom/zwift-ical/cmd/zwiftcal/main.go:66.78,68.31 2 1
github.com/davidcollom/zwift-ical/cmd/zwiftcal/main.go:68.31,70.18 2 1
github.com/davidcollom/zwift-ical/cmd/zwiftcal/main.go:70.18,71.12 1 1
github.com/davidcollom/zwift-ical/cmd/zwiftcal/main.go:73.3,73.47 1 1
github.com/davidcollom/zwift-ical/cmd/zwiftcal/main.go:75.2,75.17 1 1
github.com/davidcollom/zwift-ical/cmd/zwiftcal/main.go:79.64,80.30 1 1
github.com/davidcollom/zwift-ical/cmd/zwiftcal/main.go:80.30,81.69 1 1
github.com/davidcollom/zwift-ical/cmd/zwiftcal/main.go:81.69,83.46 2 1
github.com/davidcollom/zwift-ical/cmd/zwiftcal/main.go:83.46,86.5 2 0
github.com/davidcollom/zwift-ical/cmd/zwiftcal/main.go:89.2,89.12 1 1
github.com/davidcollom/zwift-ical/cmd/zwiftcal/main.go:93.66,94.43 1 0
github.com/davidcollom/zwift-ical/cmd/zwiftcal/main.go:94.43,101.37 3 0
github.com/davidcollom/zwift-ical/cmd/zwiftcal/main.go:101.37,105.61 4 0
github.com/davidcollom/zwift-ical/cmd/zwiftcal/main.go:105.61,107.5 1 0
github.com/davidcollom/zwift-ical/cmd/zwiftcal/main.go:107.10,109.5 1 0
github.com/davidcollom/zwift-ical/cmd/zwiftcal/main.go:112.3,113.27 2 0
github.com/davidcollom/zwift-ical/cmd/zwiftcal/main.go:113.27,117.61 4 0
github.com/davidcollom/zwift-ical/cmd/zwiftcal/main.go:117.61,119.5 1 0
github.com/davidcollom/zwift-ical/cmd/zwiftcal/main.go:119.10,121.5 1 0
github.com/davidcollom/zwift-ical/cmd/zwiftcal/main.go:124.2,124.12 1 0
github.com/davidcollom/zwift-ical/cmd/zwiftcal/main.go:128.85,130.31 2 1
github.com/davidcollom/zwift-ical/cmd/zwiftcal/main.go:130.31,131.31 1 1
github.com/davidcollom/zwift-ical/cmd/zwiftcal/main.go:131.31,133.4 1 1
github.com/davidcollom/zwift-ical/cmd/zwiftcal/main.go:135.2,135.17 1 1
github.com/davidcollom/zwift-ical/cmd/zwiftcal/main.go:139.65,141.31 2 1
github.com/davidcollom/zwift-ical/cmd/zwiftcal/main.go:141.31,142.30 1 1
github.com/davidcollom/zwift-ical/cmd/zwiftcal/main.go:142.30,143.48 1 1
github.com/davidcollom/zwift-ical/cmd/zwiftcal/main.go:143.48,145.5 1 1
github.com/davidcollom/zwift-ical/cmd/zwiftcal/main.go:148.2,148.15 1 1
github.com/davidcollom/zwift-ical/cmd/zwiftcal/main.go:152.78,154.31 2 1
github.com/davidcollom/zwift-ical/cmd/zwiftcal/main.go:154.31,155.28 1 1
github.com/davidcollom/zwift-ical/cmd/zwiftcal/main.go:155.28,156.16 1 1
github.com/davidcollom/zwift-ical/cmd/zwiftcal/main.go:156.16,158.10 2 1
github.com/davidcollom/zwift-ical/cmd/zwiftcal/main.go:162.2,162.18 1 1
github.com/davidcollom/zwift-ical/cmd/zwiftcal/main.go:166.68,168.43 2 1
github.com/davidcollom/zwift-ical/cmd/zwiftcal/main.go:168.43,175.26 3 1
github.com/davidcollom/zwift-ical/cmd/zwiftcal/main.go:175.26,178.4 2 1
github.com/davidcollom/zwift-ical/cmd/zwiftcal/main.go:179.3,180.27 2 1
github.com/davidcollom/zwift-ical/cmd/zwiftcal/main.go:180.27,183.4 2 1
github.com/davidcollom/zwift-ical/cmd/zwiftcal/main.go:185.2,185.18 1 1
github.com/davidcollom/zwift-ical/internal/events/fetch.go:19.58,21.16 2 1
github.com/davidcollom/zwift-ical/internal/events/fetch.go:21.16,23.3 1 0
github.com/davidcollom/zwift-ical/internal/events/fetch.go:24.2,26.15 3 1
github.com/davidcollom/zwift-ical/internal/events/fetch.go:26.15,28.3 1 0
github.com/davidcollom/zwift-ical/internal/events/fetch.go:29.2,38.16 8 1
github.com/davidcollom/zwift-ical/internal/events/fetch.go:38.16,40.3 1 1
github.com/davidcollom/zwift-ical/internal/events/fetch.go:41.2,45.54 4 1
github.com/davidcollom/zwift-ical/internal/events/fetch.go:45.54,47.3 1 1
github.com/davidcollom/zwift-ical/internal/events/fetch.go:48.2,48.20 1 1
github.com/davidcollom/zwift-ical/internal/ical/generate.go:11.49,15.27 4 1
github.com/davidcollom/zwift-ical/internal/ical/generate.go:15.27,26.23 9 1
github.com/davidcollom/zwift-ical/internal/ical/generate.go:26.23,28.4 1 0
github.com/davidcollom/zwift-ical/internal/ical/generate.go:29.3,30.35 2 1
github.com/davidcollom/zwift-ical/internal/ical/generate.go:32.2,32.24 1 1
github.com/davidcollom/zwift-ical/internal/ical/maps.go:19.39,21.39 2 1
github.com/davidcollom/zwift-ical/internal/ical/maps.go:21.39,23.3 1 1
github.com/davidcollom/zwift-ical/internal/ical/maps.go:24.2,24.18 1 0
github.com/davidcollom/zwift-ical/internal/site/generate.go:15.66,17.16 2 0
github.com/davidcollom/zwift-ical/internal/site/generate.go:17.16,19.3 1 0
github.com/davidcollom/zwift-ical/internal/site/generate.go:20.2,21.16 2 0
github.com/davidcollom/zwift-ical/internal/site/generate.go:21.16,23.3 1 0
github.com/davidcollom/zwift-ical/internal/site/generate.go:24.2,25.32 2 0
github.com/davidcollom/zwift-ical/internal/site/generate.go:28.64,30.16 2 1
github.com/davidcollom/zwift-ical/internal/site/generate.go:30.16,32.3 1 0
github.com/davidcollom/zwift-ical/internal/site/generate.go:33.2,34.16 2 1
github.com/davidcollom/zwift-ical/internal/site/generate.go:34.16,36.3 1 0
github.com/davidcollom/zwift-ical/internal/site/generate.go:37.2,38.31 2 1
github.com/davidcollom/zwift-ical/internal/site/generate.go:41.51,43.16 2 1
github.com/davidcollom/zwift-ical/internal/site/generate.go:43.16,45.3 1 1
github.com/davidcollom/zwift-ical/internal/site/generate.go:46.2,48.12 3 1
github.com/davidcollom/zwift-ical/internal/site/generate.go:51.83,54.57 3 0
github.com/davidcollom/zwift-ical/internal/site/generate.go:54.57,56.3 1 0
github.com/davidcollom/zwift-ical/internal/site/generate.go:57.2,57.56 1 0
github.com/davidcollom/zwift-ical/internal/site/generate.go:57.56,59.3 1 0
github.com/davidcollom/zwift-ical/internal/site/generate.go:60.2,60.12 1 0
github.com/davidcollom/zwift-ical/internal/site/helpers.go:9.34,11.2 1 1
